<?xml version="1.0" encoding="UTF-8"?>
<testng-results ignored="0" total="1" passed="1" failed="0" skipped="0">
  <reporter-output>
  </reporter-output>
  <suite started-at="2021-05-05T17:23:09 IST" name="Default suite" finished-at="2021-05-05T17:23:48 IST" duration-ms="39189">
    <groups>
      <group name="smokeTest">
        <method signature="CreateOrganizationTest.createOrganizationTest()[pri:0, instance:com.comcast.crm.organizationtest.CreateOrganizationTest@53976f5c]" name="createOrganizationTest" class="com.comcast.crm.organizationtest.CreateOrganizationTest"/>
      </group> <!-- smokeTest -->
    </groups>
    <test started-at="2021-05-05T17:23:09 IST" name="Default test" finished-at="2021-05-05T17:23:48 IST" duration-ms="39189">
      <class name="com.comcast.crm.organizationtest.CreateOrganizationTest">
        <test-method is-config="true" signature="configBS()[pri:0, instance:com.comcast.crm.organizationtest.CreateOrganizationTest@53976f5c]" started-at="2021-05-05T17:23:08 IST" name="configBS" finished-at="2021-05-05T17:23:09 IST" duration-ms="815" status="PASS">
          <reporter-output>
          </reporter-output>
        </test-method> <!-- configBS -->
        <test-method is-config="true" signature="configBT()[pri:0, instance:com.comcast.crm.organizationtest.CreateOrganizationTest@53976f5c]" started-at="2021-05-05T17:23:09 IST" name="configBT" finished-at="2021-05-05T17:23:09 IST" duration-ms="1" status="PASS">
          <reporter-output>
          </reporter-output>
        </test-method> <!-- configBT -->
        <test-method is-config="true" signature="configBC()[pri:0, instance:com.comcast.crm.organizationtest.CreateOrganizationTest@53976f5c]" started-at="2021-05-05T17:23:09 IST" name="configBC" finished-at="2021-05-05T17:23:13 IST" duration-ms="4323" status="PASS">
          <reporter-output>
          </reporter-output>
        </test-method> <!-- configBC -->
        <test-method is-config="true" signature="setUp()[pri:0, instance:com.comcast.crm.organizationtest.CreateOrganizationTest@53976f5c]" started-at="2021-05-05T17:23:13 IST" name="setUp" finished-at="2021-05-05T17:23:22 IST" duration-ms="8339" status="PASS">
          <reporter-output>
          </reporter-output>
        </test-method> <!-- setUp -->
        <test-method signature="createOrganizationTest()[pri:0, instance:com.comcast.crm.organizationtest.CreateOrganizationTest@53976f5c]" started-at="2021-05-05T17:23:22 IST" name="createOrganizationTest" finished-at="2021-05-05T17:23:44 IST" duration-ms="22406" status="PASS">
          <reporter-output>
          </reporter-output>
        </test-method> <!-- createOrganizationTest -->
        <test-method is-config="true" signature="tearDown()[pri:0, instance:com.comcast.crm.organizationtest.CreateOrganizationTest@53976f5c]" started-at="2021-05-05T17:23:44 IST" name="tearDown" finished-at="2021-05-05T17:23:47 IST" duration-ms="2808" status="PASS">
          <reporter-output>
          </reporter-output>
        </test-method> <!-- tearDown -->
        <test-method is-config="true" signature="configAC()[pri:0, instance:com.comcast.crm.organizationtest.CreateOrganizationTest@53976f5c]" started-at="2021-05-05T17:23:47 IST" name="configAC" finished-at="2021-05-05T17:23:48 IST" duration-ms="1255" status="PASS">
          <reporter-output>
          </reporter-output>
        </test-method> <!-- configAC -->
        <test-method is-config="true" signature="configAT()[pri:0, instance:com.comcast.crm.organizationtest.CreateOrganizationTest@53976f5c]" started-at="2021-05-05T17:23:48 IST" name="configAT" finished-at="2021-05-05T17:23:48 IST" duration-ms="0" status="PASS">
          <reporter-output>
          </reporter-output>
        </test-method> <!-- configAT -->
        <test-method is-config="true" signature="configAS()[pri:0, instance:com.comcast.crm.organizationtest.CreateOrganizationTest@53976f5c]" started-at="2021-05-05T17:23:48 IST" name="configAS" finished-at="2021-05-05T17:23:48 IST" duration-ms="21" status="PASS">
          <reporter-output>
          </reporter-output>
        </test-method> <!-- configAS -->
      </class> <!-- com.comcast.crm.organizationtest.CreateOrganizationTest -->
    </test> <!-- Default test -->
  </suite> <!-- Default suite -->
</testng-results>
